<?xml version="1.0" encoding="utf-8"?><testsuites name="pytest tests"><testsuite name="pytest" errors="0" failures="0" skipped="0" tests="31" time="6.591" timestamp="2026-06-05T15:00:04.617401+00:00" hostname="agent-env-d54b0dff-9171-49be-9656-fd7f34466881"><testcase classname="backend.tests.backend_test.TestAuth" name="test_login_invalid" time="0.815" /><testcase classname="backend.tests.backend_test.TestAuth" name="test_admin_login" time="0.390" /><testcase classname="backend.tests.backend_test.TestAuth" name="test_me" time="0.428" /><testcase classname="backend.tests.backend_test.TestCategories" name="test_list_categories" time="0.147" /><testcase classname="backend.tests.backend_test.TestCategories" name="test_create_category" time="0.221" /><testcase classname="backend.tests.backend_test.TestCategories" name="test_get_category" time="0.096" /><testcase classname="backend.tests.backend_test.TestCategories" name="test_update_category" time="0.115" /><testcase classname="backend.tests.backend_test.TestCategories" name="test_create_without_admin" time="0.250" /><testcase classname="backend.tests.backend_test.TestProducts" name="test_list" time="0.113" /><testcase classname="backend.tests.backend_test.TestProducts" name="test_create" time="0.091" /><testcase classname="backend.tests.backend_test.TestProducts" name="test_get" time="0.141" /><testcase classname="backend.tests.backend_test.TestProducts" name="test_search" time="0.140" /><testcase classname="backend.tests.backend_test.TestProducts" name="test_update" time="0.160" /><testcase classname="backend.tests.backend_test.TestWishlist" name="test_add" time="0.164" /><testcase classname="backend.tests.backend_test.TestWishlist" name="test_get" time="0.160" /><testcase classname="backend.tests.backend_test.TestWishlist" name="test_remove" time="0.153" /><testcase classname="backend.tests.backend_test.TestOrders" name="test_create" time="0.140" /><testcase classname="backend.tests.backend_test.TestOrders" name="test_list_customer" time="0.127" /><testcase classname="backend.tests.backend_test.TestOrders" name="test_admin_update_status" time="0.472" /><testcase classname="backend.tests.backend_test.TestReviews" name="test_create" time="0.148" /><testcase classname="backend.tests.backend_test.TestReviews" name="test_approve" time="0.209" /><testcase classname="backend.tests.backend_test.TestReviews" name="test_get_approved" time="0.161" /><testcase classname="backend.tests.backend_test.TestCoupons" name="test_create" time="0.136" /><testcase classname="backend.tests.backend_test.TestCoupons" name="test_validate" time="0.173" /><testcase classname="backend.tests.backend_test.TestCoupons" name="test_list" time="0.151" /><testcase classname="backend.tests.backend_test.TestBannersSettings" name="test_create_banner" time="0.099" /><testcase classname="backend.tests.backend_test.TestBannersSettings" name="test_list_banner" time="0.100" /><testcase classname="backend.tests.backend_test.TestBannersSettings" name="test_settings_get" time="0.087" /><testcase classname="backend.tests.backend_test.TestBannersSettings" name="test_settings_update" time="0.084" /><testcase classname="backend.tests.backend_test.TestAdminStats" name="test_stats" time="0.120" /><testcase classname="backend.tests.backend_test" name="test_zz_cleanup" time="0.614" /></testsuite></testsuites>